# JRE version: OpenJDK Runtime Environment Microsoft-8297089 (17.0.8.1+1) (build 17.0.8.1+1-LTS)
# Java VM: OpenJDK 64-Bit Server VM Microsoft-8297089 (17.0.8.1+1-LTS, mixed mode, sharing, tiered, compressed oops, compressed class ptrs, g1 gc, windows-amd64)
GC Precious Log:
 CPUs: 4 total, 4 available
 Memory: 8083M
 Large Page Support: Disabled
 NUMA Support: Disabled
 Compressed Oops: Enabled (32-bit)
 Heap Region Size: 1M
 Heap Min Capacity: 8M
 Heap Initial Capacity: 128M
 Heap Max Capacity: 2G
 Pre-touch: Disabled
 Parallel Workers: 4
 Concurrent Workers: 1
 Concurrent Refinement Workers: 4
 Periodic GC: Disabled
Heap:
 garbage-first heap   total 501760K, used 186799K [0x0000000080000000, 0x0000000100000000)
  region size 1024K, 25 young (25600K), 21 survivors (21504K)
 Metaspace       used 100878K, committed 101952K, reserved 557056K
  class space    used 13892K, committed 14400K, reserved 425984K
GC Heap History (20 events):
Event: 25.477 GC heap before
{Heap before GC invocations=34 (full 0):
 garbage-first heap   total 148480K, used 76885K [0x0000000080000000, 0x0000000100000000)
  region size 1024K, 7 young (7168K), 4 survivors (4096K)
 Metaspace       used 69497K, committed 70144K, reserved 491520K
  class space    used 9542K, committed 9856K, reserved 425984K
}
Event: 25.484 GC heap after
{Heap after GC invocations=35 (full 0):
 garbage-first heap   total 210944K, used 73431K [0x0000000080000000, 0x0000000100000000)
  region size 1024K, 1 young (1024K), 1 survivors (1024K)
 Metaspace       used 69497K, committed 70144K, reserved 491520K
  class space    used 9542K, committed 9856K, reserved 425984K
}
Event: 32.500 GC heap before
{Heap before GC invocations=35 (full 0):
 garbage-first heap   total 210944K, used 153303K [0x0000000080000000, 0x0000000100000000)
  region size 1024K, 78 young (79872K), 1 survivors (1024K)
 Metaspace       used 73521K, committed 74240K, reserved 491520K
  class space    used 10065K, committed 10368K, reserved 425984K
}
Event: 32.511 GC heap after
{Heap after GC invocations=36 (full 0):
 garbage-first heap   total 210944K, used 79689K [0x0000000080000000, 0x0000000100000000)
  region size 1024K, 7 young (7168K), 7 survivors (7168K)
 Metaspace       used 73521K, committed 74240K, reserved 491520K
  class space    used 10065K, committed 10368K, reserved 425984K
}
Event: 33.948 GC heap before
{Heap before GC invocations=36 (full 0):
 garbage-first heap   total 210944K, used 156489K [0x0000000080000000, 0x0000000100000000)
  region size 1024K, 82 young (83968K), 7 survivors (7168K)
 Metaspace       used 79792K, committed 80512K, reserved 557056K
  class space    used 11099K, committed 11456K, reserved 425984K
}
Event: 33.964 GC heap after
{Heap after GC invocations=37 (full 0):
 garbage-first heap   total 210944K, used 86300K [0x0000000080000000, 0x0000000100000000)
  region size 1024K, 7 young (7168K), 7 survivors (7168K)
 Metaspace       used 79792K, committed 80512K, reserved 557056K
  class space    used 11099K, committed 11456K, reserved 425984K
}
Event: 35.190 GC heap before
{Heap before GC invocations=37 (full 0):
 garbage-first heap   total 210944K, used 168220K [0x0000000080000000, 0x0000000100000000)
  region size 1024K, 77 young (78848K), 7 survivors (7168K)
 Metaspace       used 83122K, committed 83904K, reserved 557056K
  class space    used 11572K, committed 11968K, reserved 425984K
}
Event: 35.212 GC heap after
{Heap after GC invocations=38 (full 0):
 garbage-first heap   total 210944K, used 111081K [0x0000000080000000, 0x0000000100000000)
  region size 1024K, 10 young (10240K), 10 survivors (10240K)
 Metaspace       used 83122K, committed 83904K, reserved 557056K
  class space    used 11572K, committed 11968K, reserved 425984K
}
Event: 36.233 GC heap before
{Heap before GC invocations=39 (full 0):
 garbage-first heap   total 211968K, used 169449K [0x0000000080000000, 0x0000000100000000)
  region size 1024K, 64 young (65536K), 10 survivors (10240K)
 Metaspace       used 86150K, committed 86976K, reserved 557056K
  class space    used 11957K, committed 12352K, reserved 425984K
}
Event: 36.252 GC heap after
{Heap after GC invocations=40 (full 0):
 garbage-first heap   total 211968K, used 123586K [0x0000000080000000, 0x0000000100000000)
  region size 1024K, 8 young (8192K), 8 survivors (8192K)
 Metaspace       used 86150K, committed 86976K, reserved 557056K
  class space    used 11957K, committed 12352K, reserved 425984K
}
Event: 36.280 GC heap before
{Heap before GC invocations=40 (full 0):
 garbage-first heap   total 211968K, used 126658K [0x0000000080000000, 0x0000000100000000)
  region size 1024K, 10 young (10240K), 8 survivors (8192K)
 Metaspace       used 86166K, committed 86976K, reserved 557056K
  class space    used 11959K, committed 12352K, reserved 425984K
}
Event: 36.299 GC heap after
{Heap after GC invocations=41 (full 0):
 garbage-first heap   total 211968K, used 127299K [0x0000000080000000, 0x0000000100000000)
  region size 1024K, 2 young (2048K), 2 survivors (2048K)
 Metaspace       used 86166K, committed 86976K, reserved 557056K
  class space    used 11959K, committed 12352K, reserved 425984K
}
Event: 36.907 GC heap before
{Heap before GC invocations=41 (full 0):
 garbage-first heap   total 211968K, used 171331K [0x0000000080000000, 0x0000000100000000)
  region size 1024K, 45 young (46080K), 2 survivors (2048K)
 Metaspace       used 87932K, committed 88768K, reserved 557056K
  class space    used 12234K, committed 12608K, reserved 425984K
}
Event: 36.919 GC heap after
{Heap after GC invocations=42 (full 0):
 garbage-first heap   total 211968K, used 133696K [0x0000000080000000, 0x0000000100000000)
  region size 1024K, 6 young (6144K), 6 survivors (6144K)
 Metaspace       used 87932K, committed 88768K, reserved 557056K
  class space    used 12234K, committed 12608K, reserved 425984K
}
Event: 37.531 GC heap before
{Heap before GC invocations=43 (full 0):
 garbage-first heap   total 250880K, used 170560K [0x0000000080000000, 0x0000000100000000)
  region size 1024K, 43 young (44032K), 6 survivors (6144K)
 Metaspace       used 90329K, committed 91200K, reserved 557056K
  class space    used 12560K, committed 12928K, reserved 425984K
}
Event: 37.541 GC heap after
{Heap after GC invocations=44 (full 0):
 garbage-first heap   total 250880K, used 136897K [0x0000000080000000, 0x0000000100000000)
  region size 1024K, 3 young (3072K), 3 survivors (3072K)
 Metaspace       used 90329K, committed 91200K, reserved 557056K
  class space    used 12560K, committed 12928K, reserved 425984K
}
Event: 37.689 GC heap before
{Heap before GC invocations=44 (full 0):
 garbage-first heap   total 250880K, used 146113K [0x0000000080000000, 0x0000000100000000)
  region size 1024K, 12 young (12288K), 3 survivors (3072K)
 Metaspace       used 90999K, committed 91840K, reserved 557056K
  class space    used 12635K, committed 12992K, reserved 425984K
}
Event: 37.699 GC heap after
{Heap after GC invocations=45 (full 0):
 garbage-first heap   total 501760K, used 137294K [0x0000000080000000, 0x0000000100000000)
  region size 1024K, 2 young (2048K), 2 survivors (2048K)
 Metaspace       used 90999K, committed 91840K, reserved 557056K
  class space    used 12635K, committed 12992K, reserved 425984K
}
Event: 49.522 GC heap before
{Heap before GC invocations=45 (full 0):
 garbage-first heap   total 501760K, used 339022K [0x0000000080000000, 0x0000000100000000)
  region size 1024K, 199 young (203776K), 2 survivors (2048K)
 Metaspace       used 96561K, committed 97600K, reserved 557056K
  class space    used 13369K, committed 13888K, reserved 425984K
}
Event: 49.567 GC heap after
{Heap after GC invocations=46 (full 0):
 garbage-first heap   total 501760K, used 162816K [0x0000000080000000, 0x0000000100000000)
  region size 1024K, 25 young (25600K), 25 survivors (25600K)
 Metaspace       used 96561K, committed 97600K, reserved 557056K
  class space    used 13369K, committed 13888K, reserved 425984K
}

